<?xml version="1.0" encoding="UTF-8"?>
<!-- Generated by org.testng.reporters.JUnitXMLReporter -->
<testsuite ignored="0" hostname="DESKTOP-ILLARFO" failures="0" tests="2" name="createonfly1.copy" time="291.207" errors="0" timestamp="2025-03-21T18:11:19 IST">
  <testcase classname="createonfly1.copy.Useexistingclienttags" name="Useexistingclienttags1" time="100.829"/>
  <testcase classname="createonfly1.copy.Useexistingclienttags" name="Useexistingclienttags3" time="186.176"/>
</testsuite> <!-- createonfly1.copy -->
