<?xml version="1.0" encoding="UTF-8"?>
<!-- Generated by org.testng.reporters.JUnitXMLReporter -->
<testsuite ignored="0" hostname="DESKTOP-ILLARFO" failures="1" tests="1" name="Default test" time="28.48" errors="0" timestamp="2025-07-08T17:16:15 IST">
  <testcase classname="createonfly1.copy.Useexistingclienttags" name="Useexistingclienttags4" time="20.971">
    <failure type="org.openqa.selenium.ElementClickInterceptedException" message="element click intercepted: Element &amp;lt;input _ngcontent-ksx-c1077=&amp;quot;&amp;quot; formcontrolname=&amp;quot;manualDate&amp;quot; matinput=&amp;quot;&amp;quot; readonly=&amp;quot;true&amp;quot; class=&amp;quot;mat-datepicker-input mat-input-element mat-form-field-autofill-control form-control br-0 b-0 ng-tns-c153-47 ng-pristine ng-valid cdk-text-field-autofill-monitored ng-touched&amp;quot; aria-haspopup=&amp;quot;dialog&amp;quot; min=&amp;quot;2025-07-08T17:16:07+05:30&amp;quot; max=&amp;quot;2025-07-21T17:16:07+05:30&amp;quot; data-mat-calendar=&amp;quot;mat-datepicker-0&amp;quot; required=&amp;quot;&amp;quot; id=&amp;quot;mat-input-3&amp;quot; aria-invalid=&amp;quot;false&amp;quot; aria-required=&amp;quot;true&amp;quot; aria-owns=&amp;quot;mat-datepicker-0&amp;quot;&amp;gt; is not clickable at point (354, 504). Other element would receive the click: &amp;lt;div class=&amp;quot;cdk-overlay-backdrop mat-overlay-transparent-backdrop mat-datepicker-0-backdrop cdk-overlay-backdrop-showing&amp;quot;&amp;gt;&amp;lt;/div&amp;gt;
  (Session info: chrome=138.0.7204.97)
Build info: version: &amp;apos;4.21.0&amp;apos;, revision: &amp;apos;79ed462ef4&amp;apos;
System info: os.name: &amp;apos;Windows 11&amp;apos;, os.arch: &amp;apos;amd64&amp;apos;, os.version: &amp;apos;10.0&amp;apos;, java.version: &amp;apos;17.0.12&amp;apos;
Driver info: org.openqa.selenium.chrome.ChromeDriver
Command: [108d978b3f70a24deee3df63b7c5e6cf, clickElement {id=f.8445CEAD6F005A01CBC133BC1975A855.d.E2BB690AD79B2C20F5E21AC831812F23.e.230}]
Capabilities {acceptInsecureCerts: false, browserName: chrome, browserVersion: 138.0.7204.97, chrome: {chromedriverVersion: 138.0.7204.92 (f079b9bc781e..., userDataDir: C:\Users\HP\AppData\Local\T...}, fedcm:accounts: true, goog:chromeOptions: {debuggerAddress: localhost:57098}, networkConnectionEnabled: false, pageLoadStrategy: normal, platformName: windows, proxy: Proxy(), se:cdp: ws://localhost:57098/devtoo..., se:cdpVersion: 138.0.7204.97, setWindowRect: true, strictFileInteractability: false, timeouts: {implicit: 0, pageLoad: 300000, script: 30000}, unhandledPromptBehavior: dismiss and notify, webauthn:extension:credBlob: true, webauthn:extension:largeBlob: true, webauthn:extension:minPinLength: true, webauthn:extension:prf: true, webauthn:virtualAuthenticators: true}
Element: [[ChromeDriver: chrome on windows (108d978b3f70a24deee3df63b7c5e6cf)] -&amp;gt; xpath: //input[@formcontrolname=&amp;apos;manualDate&amp;apos;]]
Session ID: 108d978b3f70a24deee3df63b7c5e6cf">
      <![CDATA[org.openqa.selenium.ElementClickInterceptedException: element click intercepted: Element <input _ngcontent-ksx-c1077="" formcontrolname="manualDate" matinput="" readonly="true" class="mat-datepicker-input mat-input-element mat-form-field-autofill-control form-control br-0 b-0 ng-tns-c153-47 ng-pristine ng-valid cdk-text-field-autofill-monitored ng-touched" aria-haspopup="dialog" min="2025-07-08T17:16:07+05:30" max="2025-07-21T17:16:07+05:30" data-mat-calendar="mat-datepicker-0" required="" id="mat-input-3" aria-invalid="false" aria-required="true" aria-owns="mat-datepicker-0"> is not clickable at point (354, 504). Other element would receive the click: <div class="cdk-overlay-backdrop mat-overlay-transparent-backdrop mat-datepicker-0-backdrop cdk-overlay-backdrop-showing"></div>
  (Session info: chrome=138.0.7204.97)
Build info: version: '4.21.0', revision: '79ed462ef4'
System info: os.name: 'Windows 11', os.arch: 'amd64', os.version: '10.0', java.version: '17.0.12'
Driver info: org.openqa.selenium.chrome.ChromeDriver
Command: [108d978b3f70a24deee3df63b7c5e6cf, clickElement {id=f.8445CEAD6F005A01CBC133BC1975A855.d.E2BB690AD79B2C20F5E21AC831812F23.e.230}]
Capabilities {acceptInsecureCerts: false, browserName: chrome, browserVersion: 138.0.7204.97, chrome: {chromedriverVersion: 138.0.7204.92 (f079b9bc781e..., userDataDir: C:\Users\HP\AppData\Local\T...}, fedcm:accounts: true, goog:chromeOptions: {debuggerAddress: localhost:57098}, networkConnectionEnabled: false, pageLoadStrategy: normal, platformName: windows, proxy: Proxy(), se:cdp: ws://localhost:57098/devtoo..., se:cdpVersion: 138.0.7204.97, setWindowRect: true, strictFileInteractability: false, timeouts: {implicit: 0, pageLoad: 300000, script: 30000}, unhandledPromptBehavior: dismiss and notify, webauthn:extension:credBlob: true, webauthn:extension:largeBlob: true, webauthn:extension:minPinLength: true, webauthn:extension:prf: true, webauthn:virtualAuthenticators: true}
Element: [[ChromeDriver: chrome on windows (108d978b3f70a24deee3df63b7c5e6cf)] -> xpath: //input[@formcontrolname='manualDate']]
Session ID: 108d978b3f70a24deee3df63b7c5e6cf
at java.base/jdk.internal.reflect.NativeConstructorAccessorImpl.newInstance0(Native Method)
at java.base/jdk.internal.reflect.NativeConstructorAccessorImpl.newInstance(NativeConstructorAccessorImpl.java:77)
at java.base/jdk.internal.reflect.DelegatingConstructorAccessorImpl.newInstance(DelegatingConstructorAccessorImpl.java:45)
at java.base/java.lang.reflect.Constructor.newInstanceWithCaller(Constructor.java:499)
at java.base/java.lang.reflect.Constructor.newInstance(Constructor.java:480)
at org.openqa.selenium.remote.ErrorCodec.decode(ErrorCodec.java:167)
at org.openqa.selenium.remote.codec.w3c.W3CHttpResponseCodec.decode(W3CHttpResponseCodec.java:138)
at org.openqa.selenium.remote.codec.w3c.W3CHttpResponseCodec.decode(W3CHttpResponseCodec.java:50)
at org.openqa.selenium.remote.HttpCommandExecutor.execute(HttpCommandExecutor.java:190)
at org.openqa.selenium.remote.service.DriverCommandExecutor.invokeExecute(DriverCommandExecutor.java:216)
at org.openqa.selenium.remote.service.DriverCommandExecutor.execute(DriverCommandExecutor.java:174)
at org.openqa.selenium.remote.RemoteWebDriver.execute(RemoteWebDriver.java:518)
at org.openqa.selenium.remote.RemoteWebElement.execute(RemoteWebElement.java:223)
at org.openqa.selenium.remote.RemoteWebElement.click(RemoteWebElement.java:76)
at createonfly1.copy.newcampaign.schedule(newcampaign.java:323)
at createonfly1.copy.Useexistingclienttags.Useexistingclienttags4(Useexistingclienttags.java:129)
at java.base/jdk.internal.reflect.NativeMethodAccessorImpl.invoke0(Native Method)
at java.base/jdk.internal.reflect.NativeMethodAccessorImpl.invoke(NativeMethodAccessorImpl.java:77)
at java.base/jdk.internal.reflect.DelegatingMethodAccessorImpl.invoke(DelegatingMethodAccessorImpl.java:43)
at java.base/java.lang.reflect.Method.invoke(Method.java:568)
at org.testng.internal.MethodInvocationHelper.invokeMethod(MethodInvocationHelper.java:133)
at org.testng.internal.TestInvoker.invokeMethod(TestInvoker.java:598)
at org.testng.internal.TestInvoker.invokeTestMethod(TestInvoker.java:173)
at org.testng.internal.MethodRunner.runInSequence(MethodRunner.java:46)
at org.testng.internal.TestInvoker$MethodInvocationAgent.invoke(TestInvoker.java:824)
at org.testng.internal.TestInvoker.invokeTestMethods(TestInvoker.java:146)
at org.testng.internal.TestMethodWorker.invokeTestMethods(TestMethodWorker.java:146)
at org.testng.internal.TestMethodWorker.run(TestMethodWorker.java:128)
at java.base/java.util.ArrayList.forEach(ArrayList.java:1511)
at org.testng.TestRunner.privateRun(TestRunner.java:794)
at org.testng.TestRunner.run(TestRunner.java:596)
at org.testng.SuiteRunner.runTest(SuiteRunner.java:377)
at org.testng.SuiteRunner.runSequentially(SuiteRunner.java:371)
at org.testng.SuiteRunner.privateRun(SuiteRunner.java:332)
at org.testng.SuiteRunner.run(SuiteRunner.java:276)
at org.testng.SuiteRunnerWorker.runSuite(SuiteRunnerWorker.java:53)
at org.testng.SuiteRunnerWorker.run(SuiteRunnerWorker.java:96)
at org.testng.TestNG.runSuitesSequentially(TestNG.java:1212)
at org.testng.TestNG.runSuitesLocally(TestNG.java:1134)
at org.testng.TestNG.runSuites(TestNG.java:1063)
at org.testng.TestNG.run(TestNG.java:1031)
at org.testng.remote.AbstractRemoteTestNG.run(AbstractRemoteTestNG.java:115)
at org.testng.remote.RemoteTestNG.initAndRun(RemoteTestNG.java:293)
at org.testng.remote.RemoteTestNG.main(RemoteTestNG.java:91)
]]>
    </failure>
  </testcase> <!-- Useexistingclienttags4 -->
</testsuite> <!-- Default test -->
