<?xml version="1.0" encoding="UTF-8"?>
<testng-results ignored="0" total="1" passed="1" failed="0" skipped="0">
  <reporter-output>
    <line>
      <![CDATA[Test Failed]]>
    </line>
  </reporter-output>
  <suite started-at="2025-04-09T17:37:23 IST" name="Default suite" finished-at="2025-04-09T17:38:53 IST" duration-ms="89735">
    <groups>
    </groups>
    <test started-at="2025-04-09T17:37:23 IST" name="Default test" finished-at="2025-04-09T17:38:53 IST" duration-ms="89735">
      <class name="createonfly1.copy.Useexistingclienttags">
        <test-method is-config="true" signature="setUp()[pri:0, instance:createonfly1.copy.Useexistingclienttags@647e447]" started-at="2025-04-09T17:37:23 IST" name="setUp" finished-at="2025-04-09T17:37:29 IST" duration-ms="5099" status="PASS">
          <reporter-output>
          </reporter-output>
        </test-method> <!-- setUp -->
        <test-method signature="Useexistingclienttags1()[pri:2, instance:createonfly1.copy.Useexistingclienttags@647e447]" started-at="2025-04-09T17:37:29 IST" name="Useexistingclienttags1" finished-at="2025-04-09T17:38:53 IST" duration-ms="84575" status="PASS">
          <reporter-output>
            <line>
              <![CDATA[Test Failed]]>
            </line>
          </reporter-output>
        </test-method> <!-- Useexistingclienttags1 -->
      </class> <!-- createonfly1.copy.Useexistingclienttags -->
    </test> <!-- Default test -->
  </suite> <!-- Default suite -->
</testng-results>
